2017-06-02 02:44:09.382000: Zerebos in #general (Zere's Place): $stats
2017-06-02 02:46:00.982000: Zerebos in #general (Zere's Place): $about
2017-06-02 02:51:50.175000: Zerebos in #general (Zere's Place): $newusers
2017-06-02 02:58:47.514000: Zerebos in #general (Zere's Place): $about
2017-06-02 03:00:41.650000: Zerebos in #general (Zere's Place): $commandstats
2017-06-02 03:11:26.401000: Zerebos in #general (Zere's Place): $plonks
2017-06-02 03:11:28.889000: Zerebos in #general (Zere's Place): $about
2017-06-02 03:11:43.801000: Zerebos in #general (Zere's Place): $about
2017-06-02 03:11:49.239000: Zerebos in #general (Zere's Place): $about
2017-06-02 03:11:53.108000: Zerebos in #general (Zere's Place): $plonks
2017-06-02 03:18:13.802000: Zerebos in #general (Zere's Place): $about
2017-06-02 03:23:55.488000: Zerebos in #general (Zere's Place): $socketstats
2017-06-02 03:25:54.462000: Zerebos in #general (Zere's Place): $about
2017-06-02 05:12:10.920000: Zerebos in #general (Zere's Place): $plonk gibzx
2017-06-02 05:12:20.555000: Zerebos in #general (Zere's Place): $plonks
2017-06-02 05:19:34.740000: Zerebos in #general (Zere's Place): $leaders
2017-06-02 05:20:38.512000: Zerebos in #general (Zere's Place): $leaders
2017-06-02 05:20:55.046000: Zerebos in #general (Zere's Place): $unplonk gibzx
2017-06-02 05:34:06.106000: Zerebos in #general (Zere's Place): $leaders
2017-06-02 05:38:18.239000: Zerebos in #general (Zere's Place): $leaders
2017-06-02 05:38:31.873000: Zerebos in #general (Zere's Place): $leaders
2017-06-02 05:43:02.738000: Zerebos in #general (Zere's Place): $info
2017-06-02 06:17:37.994000: Zerebos in #general (Zere's Place): $leaders
2017-06-02 06:23:08.294000: Zerebos in #general (Zere's Place): $leaders
2017-06-02 06:26:39.279000: Zerebos in #general (Zere's Place): $leaders
2017-06-02 06:39:04.681000: Zerebos in #general (Zere's Place): $leaders
2017-06-02 06:40:45.182000: Zerebos in #general (Zere's Place): $leaders
2017-06-02 06:51:17.350000: Zerebos in #class_3-3 (Katawa Shoujo): $leaders
2017-06-02 06:51:31.600000: Zerebos in #class_3-3 (Katawa Shoujo): $leaders
2017-06-02 06:53:25.829000: Zerebos in #class_3-3 (Katawa Shoujo): $leaders
2017-06-02 06:53:33.469000: Zerebos in #class_3-3 (Katawa Shoujo): $leaders
2017-06-02 06:54:14.557000: Zerebos in #class_3-3 (Katawa Shoujo): $leaders
2017-06-02 06:55:15.624000: Zerebos in #class_3-3 (Katawa Shoujo): $leaders
2017-06-02 06:57:58.493000: Zerebos in #class_3-3 (Katawa Shoujo): $leaders
2017-06-02 06:58:13.490000: Zerebos in #class_3-3 (Katawa Shoujo): $leaders
2017-06-02 07:07:04.047000: Zerebos in #class_3-3 (Katawa Shoujo): $leaders
2017-06-02 07:27:14.704000: Zerebos in #class_3-3 (Katawa Shoujo): $leaders
2017-06-02 07:28:40.519000: Zerebos in #class_3-3 (Katawa Shoujo): $leaders
2017-06-02 07:31:24.288000: Zerebos in #class_3-3 (Katawa Shoujo): $leaders
2017-06-02 14:58:16.910000: Zerebos in #class_3-3 (Katawa Shoujo): $leaders
2017-06-02 14:59:00.197000: Zerebos in #class_3-3 (Katawa Shoujo): $leaders
2017-06-02 19:58:42.001000: Zerebos in #class_3-3 (Katawa Shoujo): $leaders
2017-06-03 00:21:22.107000: Zerebos in #class_3-3 (Katawa Shoujo): $leaders
2017-06-03 00:22:55.888000: gibzx in #class_3-3 (Katawa Shoujo): $leaders
2017-06-03 04:23:32.414000: Zerebos in #bot-dev (Zere's Place): =rules
2017-06-03 04:24:13.213000: Zerebos in #bot-dev (Zere's Place): =rules
2017-06-03 04:24:24.896000: Zerebos in #bot-dev (Zere's Place): =join
2017-06-03 04:26:10.371000: Zerebos in #bot-dev (Zere's Place): ;;rules
2017-06-03 04:28:31.638000: Zerebos in Private Message: ;;quit
2017-06-03 04:29:00.005000: Zerebos in #class_3-3 (Katawa Shoujo): ;;rules
2017-06-03 04:30:45.333000: Zerebos in #student-handbook (Katawa Shoujo): ;;rules
2017-06-03 04:31:12.143000: Zerebos in #student-handbook (Katawa Shoujo): ;;rules
2017-06-03 04:31:46.200000: Zerebos in #student-handbook (Katawa Shoujo): ;;rules
2017-06-03 04:32:27.818000: Zerebos in Private Message: ;;quit
2017-06-03 04:51:00.937000: Zerebos in #class_3-3 (Katawa Shoujo): ;;quit
2017-06-03 05:00:35.282000: Zerebos in #general (Zere's Place): ;;report classes
2017-06-03 05:04:42.247000: Zerebos in #class_3-3 (Katawa Shoujo): ;;report
2017-06-03 05:05:01.606000: Zerebos in #class_3-3 (Katawa Shoujo): ;;quit
2017-06-03 05:05:07.433000: Zerebos in #class_3-3 (Katawa Shoujo): ;;report
2017-06-03 05:05:39.908000: Zerebos in #class_3-3 (Katawa Shoujo): ;;report
2017-06-03 05:06:35.487000: Zerebos in #class_3-3 (Katawa Shoujo): ;;quit
2017-06-03 05:06:48.481000: Zerebos in #class_3-3 (Katawa Shoujo): ;;report
2017-06-03 05:07:08.681000: Zerebos in #class_3-3 (Katawa Shoujo): ;;report
2017-06-03 05:07:37.425000: Zerebos in #class_3-3 (Katawa Shoujo): ;;report
2017-06-03 05:26:38.151000: Zerebos in #class_3-3 (Katawa Shoujo): ;;help
2017-06-03 05:26:38.151000: Zerebos in #class_3-3 (Katawa Shoujo): ;;help
2017-06-03 05:27:29.927000: Zerebos in #class_3-3 (Katawa Shoujo): ;;help
2017-06-03 05:27:29.927000: Zerebos in #class_3-3 (Katawa Shoujo): ;;help
2017-06-03 05:27:37.070000: Zerebos in #general (Zere's Place): ;;help
2017-06-03 05:27:37.070000: Zerebos in #general (Zere's Place): ;;help
2017-06-03 05:29:46.362000: Zerebos in #general (Zere's Place): ;;quit
2017-06-03 05:29:46.362000: Zerebos in #general (Zere's Place): ;;quit
2017-06-03 05:29:53.978000: Zerebos in #general (Zere's Place): ;;help
2017-06-03 05:30:01.979000: Zerebos in #class_3-3 (Katawa Shoujo): ;;report
2017-06-03 05:30:18.556000: Zerebos in #class_3-3 (Katawa Shoujo): ;;report
2017-06-03 05:30:48.571000: Zerebos in #class_3-3 (Katawa Shoujo): ;;src <#319494220799016964>
2017-06-03 05:30:51.202000: Zerebos in #class_3-3 (Katawa Shoujo): ;;report
2017-06-03 05:31:50.062000: Zerebos in #class_3-3 (Katawa Shoujo): ;;src <#319494220799016964>
2017-06-03 05:31:53.847000: Zerebos in #class_3-3 (Katawa Shoujo): ;;report
2017-06-03 05:32:48.484000: Zerebos in #class_3-3 (Katawa Shoujo): ;;src <#319494220799016964>
2017-06-03 05:32:59.445000: Zerebos in #class_3-3 (Katawa Shoujo): ;;setreportchannel <#319494220799016964>
2017-06-03 05:33:07.273000: Zerebos in #class_3-3 (Katawa Shoujo): ;;help
2017-06-03 05:33:30.599000: Zerebos in #class_3-3 (Katawa Shoujo): ;;setreportchannel student-council-room
2017-06-03 05:33:56.799000: Zerebos in #class_3-3 (Katawa Shoujo): ;;report
2017-06-03 05:34:00.238000: Zerebos in #class_3-3 (Katawa Shoujo): ;;src
2017-06-03 05:34:43.779000: Zerebos in Private Message: ;;help setreportchannel
2017-06-03 05:35:22.788000: Zerebos in #class_3-3 (Katawa Shoujo): ;;src <#319494220799016964>
2017-06-03 05:35:28.049000: Zerebos in #class_3-3 (Katawa Shoujo): ;;report
2017-06-03 05:35:37.909000: Zerebos in #class_3-3 (Katawa Shoujo): ;;report gibzx
2017-06-03 05:36:07.556000: Zerebos in #class_3-3 (Katawa Shoujo): ;;report
2017-06-03 05:36:12.158000: Zerebos in #class_3-3 (Katawa Shoujo): ;;report gibzx
2017-06-03 15:40:42.908000: Zerebos in #class_3-3 (Katawa Shoujo): ;;report shizune
2017-06-03 15:40:59.203000: Zerebos in #class_3-3 (Katawa Shoujo): ;;report <@!265395782021152770>
2017-06-03 15:41:50.609000: Zerebos in #class_3-3 (Katawa Shoujo): ;;quit
2017-06-03 23:31:31.059000: Zerebos in #general (Zere's Place): ;;info
2017-06-03 23:41:47.814000: Zerebos in #class_3-3 (Katawa Shoujo): ;;viewrules
2017-06-03 23:42:16.882000: Zerebos in #general (Zere's Place): ;;viewrules
2017-06-03 23:42:58.937000: Zerebos in #general (Zere's Place): ;;viewrules
2017-06-03 23:43:47.909000: Rin in #class_3-3 (Katawa Shoujo): ;;viewrules
2017-06-03 23:44:19.562000: Zerebos in #class_3-3 (Katawa Shoujo): ;;viewrules
2017-06-03 23:46:26.548000: Zerebos in #class_3-3 (Katawa Shoujo): ;;viewrules
2017-06-03 23:47:29.872000: Zerebos in #general (Zere's Place): ;;viewrules
2017-06-03 23:49:47.973000: Zerebos in #general (Zere's Place): ;;acr <#310637961379315725> Boi as much as you can
2017-06-03 23:49:52.898000: Zerebos in #general (Zere's Place): ;;viewrules
2017-06-03 23:56:33.244000: Zerebos in #general (Zere's Place): ;;acr <#305865416285093888> This was gunna be used for neckbeard
2017-06-03 23:56:43.865000: Zerebos in #general (Zere's Place): ;;agr Don't be a dick
2017-06-03 23:56:53.690000: Zerebos in #general (Zere's Place): ;;viewrules
2017-06-04 00:06:50.787000: Zerebos in #general (Zere's Place): ;;rules
2017-06-04 00:07:01.602000: Zerebos in #class_3-3 (Katawa Shoujo): ;;rules
2017-06-04 00:07:40.015000: Zerebos in #general (Zere's Place): ;;addrule server Listen to your overlord
2017-06-04 00:07:47.734000: Zerebos in #general (Zere's Place): ;;rules
2017-06-04 00:08:02.637000: Zerebos in #general (Zere's Place): ;;addrule roleplay to be deleted
2017-06-04 00:10:06.191000: Zerebos in #general (Zere's Place): ;;addrule roleplay to be deleted
2017-06-04 00:10:09.298000: Zerebos in #general (Zere's Place): ;;rules
2017-06-04 00:17:59.091000: Zerebos in #general (Zere's Place): ;;deleterule classes 1
2017-06-04 00:18:02.238000: Zerebos in #general (Zere's Place): ;;rules
2017-06-04 00:18:41.040000: Zerebos in #general (Zere's Place): ;;rules
2017-06-04 00:20:19.949000: Zerebos in #general (Zere's Place): ;;rules
2017-06-04 00:20:36.239000: Zerebos in #general (Zere's Place): ;;rules
2017-06-04 00:22:43.430000: Zerebos in #general (Zere's Place): ;;rules
2017-06-04 00:23:19.189000: Rin in #class_3-3 (Katawa Shoujo): ;;rules
2017-06-04 00:23:45.461000: Zerebos in #class_3-3 (Katawa Shoujo): ;;rules
2017-06-04 00:27:50.526000: Zerebos in #general (Zere's Place): ;;rules
2017-06-04 00:30:45.227000: Zerebos in #general (Zere's Place): ;;rules
2017-06-04 00:30:48.649000: Zerebos in #general (Zere's Place): ;;rules
2017-06-04 00:31:53.961000: Hkoror in #class_3-3 (Katawa Shoujo): ;;rules
2017-06-04 00:32:15.700000: Zerebos in #class_3-3 (Katawa Shoujo): ;;rules
2017-06-04 00:49:14.726000: gibzx in #class_3-3 (Katawa Shoujo): ;;rules
2017-06-04 01:00:59.295000: Zerebos in #class_3-3 (Katawa Shoujo): ;;rules foo
2017-06-04 01:01:13.741000: Zerebos in #class_3-3 (Katawa Shoujo): ;;rules foo
2017-06-04 01:08:29.643000: Zerebos in #class_3-3 (Katawa Shoujo): ;;rules foo
2017-06-04 01:09:14.307000: Zerebos in #class_3-3 (Katawa Shoujo): ;;rules test
2017-06-04 01:10:34.840000: Zerebos in #class_3-3 (Katawa Shoujo): ;;addrule server Be respectful to all your peers
2017-06-04 01:10:47.307000: Zerebos in #class_3-3 (Katawa Shoujo): ;;addrule server All types of banter are welcomed. But know the line between joking and offensive.
2017-06-04 01:10:50.561000: Zerebos in #class_3-3 (Katawa Shoujo): ;;rules foo
2017-06-04 01:13:09.376000: Zerebos in #student-handbook (Katawa Shoujo): ;;rules here
2017-06-04 01:13:25.337000: Zerebos in #student-handbook (Katawa Shoujo): ;;rules here
2017-06-04 01:17:07.391000: Zerebos in #student-handbook (Katawa Shoujo): ;;rules here
2017-06-04 01:17:55.413000: Zerebos in #student-handbook (Katawa Shoujo): ;;rules here
2017-06-04 01:19:47.076000: Zerebos in #general (Zere's Place): ;;addrule announcements this should come first
2017-06-04 01:19:48.530000: Zerebos in #general (Zere's Place): ;;rules
2017-06-04 01:19:54.217000: Zerebos in #general (Zere's Place): ;;rules here
2017-06-04 01:20:57.938000: Zerebos in #class_3-3 (Katawa Shoujo): ;;addrule <#318631542136242177> pr0n zone
2017-06-04 01:24:59.581000: gibzx in #class_3-3 (Katawa Shoujo): ;;report <@249746236008169473>
2017-06-04 01:25:05.967000: Rin in #class_3-3 (Katawa Shoujo): ;;report @everyone
2017-06-04 01:26:07.272000: Zerebos in #class_3-3 (Katawa Shoujo): ;;plonk <@!265395782021152770>
2017-06-04 01:28:05.234000: gibzx in #class_3-3 (Katawa Shoujo): ;;plonk <@!265395782021152770>
2017-06-04 01:28:15.759000: gibzx in #class_3-3 (Katawa Shoujo): ;;unplonk <@!265395782021152770>
2017-06-04 01:28:24.503000: Zerebos in #class_3-3 (Katawa Shoujo): ;;plonks
2017-06-04 01:28:38.961000: Zerebos in #class_3-3 (Katawa Shoujo): ;;report <@287840430970634240> being a normie
2017-06-04 01:29:01.084000: Rin in #class_3-3 (Katawa Shoujo): ;;report <@249746236008169473> Boi
2017-06-04 01:29:07.398000: Zerebos in #class_3-3 (Katawa Shoujo): ;;report gibzx being a normie
2017-06-04 01:33:33.278000: gibzx in #class_3-3 (Katawa Shoujo): ;;rules
2017-06-04 01:35:32.312000: Zerebos in #class_3-3 (Katawa Shoujo): ;;rules
2017-06-04 01:35:56.063000: Zerebos in #class_3-3 (Katawa Shoujo): ;;rules
2017-06-04 01:36:01.556000: Rin in #class_3-3 (Katawa Shoujo): ;;rules
2017-06-04 01:36:23.196000: gibzx in #class_3-3 (Katawa Shoujo): ;;rules
2017-06-04 01:50:17.891000: Zerebos in Private Message: ;;help
2017-06-04 01:50:32.488000: Zerebos in Private Message: ;;about
2017-06-04 01:51:00.031000: Zerebos in Private Message: ;;uptime
2017-06-04 01:51:10.628000: Zerebos in Private Message: ;;join
2017-06-04 01:51:51.371000: Zerebos in Private Message: ;;help meta
2017-06-04 01:51:55.763000: Zerebos in Private Message: ;;help Meta
2017-06-04 01:54:04.793000: Zerebos in Private Message: ;;quit
2017-06-04 01:55:46.231000: Zerebos in Private Message: ;;quit
2017-06-07 06:24:52.520000: Zerebos in #dev_room (Zere's Place): $help
2017-06-07 06:26:09.574000: Zerebos in #dev_room (Zere's Place): ;;help
2017-06-07 06:27:52.354000: Zerebos in #dev_room (Zere's Place): ;;help
2017-06-07 06:28:20.896000: Zerebos in #dev_room (Zere's Place): ;;src
2017-06-07 06:28:31.317000: Zerebos in #dev_room (Zere's Place): ;;src <#320760937231548426>
2017-06-07 06:28:39.217000: Zerebos in #dev_room (Zere's Place): ;;report someone reason
2017-06-07 06:28:41.953000: Zerebos in #dev_room (Zere's Place): ;;help report
2017-06-07 06:28:55.475000: Zerebos in #dev_room (Zere's Place): ;;report <@311253212969566208> IDK
2017-06-07 06:32:30.228000: Zerebos in #dev_room (Zere's Place): ;;commandstats all
2017-06-07 06:32:34.897000: Zerebos in #dev_room (Zere's Place): ;;commandstats
2017-06-07 06:32:45.450000: Zerebos in #dev_room (Zere's Place): ;;commandstats true
2017-06-07 07:01:44.306000: Zerebos in #dev_room (Zere's Place): /boi list
2017-06-07 07:02:21.523000: Zerebos in #dev_room (Zere's Place): /boi list
2017-06-07 07:03:28.501000: Zerebos in #dev_room (Zere's Place): /quit
2017-06-07 07:03:39.188000: Zerebos in #dev_room (Zere's Place): /boi list
2017-06-07 07:03:42.321000: Zerebos in #dev_room (Zere's Place): /boi
2017-06-07 07:03:50.811000: Zerebos in #dev_room (Zere's Place): /boi sponge_jap
2017-06-07 07:03:55.634000: Zerebos in #dev_room (Zere's Place): /boi
2017-06-07 07:06:18.782000: Zerebos in #dev_room (Zere's Place): /boi list
2017-06-07 07:07:06.609000: Zerebos in #dev_room (Zere's Place): /boi list
2017-06-07 07:07:38.038000: Zerebos in #dev_room (Zere's Place): /boi list
2017-06-07 07:08:51.088000: Zerebos in #dev_room (Zere's Place): /addboi
2017-06-07 07:08:57.661000: Zerebos in #dev_room (Zere's Place): /plonk <@311253212969566208>
2017-06-07 07:09:03.918000: Zerebos in #dev_room (Zere's Place): /unplonk <@311253212969566208>
2017-06-07 07:09:30.227000: Zerebos in #dev_room (Zere's Place): /addboi foo
2017-06-07 07:09:34.434000: Zerebos in #dev_room (Zere's Place): /addboi foo bar
2017-06-07 07:10:50.708000: Zerebos in #dev_room (Zere's Place): /addboi foo bar
2017-06-07 07:11:56.237000: Zerebos in #dev_room (Zere's Place): /addboi
2017-06-07 07:13:12.425000: Zerebos in #dev_room (Zere's Place): /addboi
2017-06-07 07:16:01.370000: Zerebos in #dev_room (Zere's Place): /addboi
2017-06-07 07:16:27.576000: Zerebos in #dev_room (Zere's Place): /addboi
2017-06-07 07:16:51.992000: Zerebos in #dev_room (Zere's Place): /addboi
2017-06-07 07:17:43.272000: Zerebos in #dev_room (Zere's Place): /addboi
2017-06-07 07:29:52.252000: Zerebos in #dev_room (Zere's Place): /addboi
2017-06-07 07:30:02.228000: Zerebos in #dev_room (Zere's Place): /addboi femaleboo
2017-06-07 07:30:35.665000: Zerebos in #dev_room (Zere's Place): /addboi https://cdn.discordapp.com/attachments/320760937231548426/321913680205709312/femaleboo.png
2017-06-07 07:30:42.802000: Zerebos in #dev_room (Zere's Place): /addboi https://cdn.discordapp.com/attachments/320760937231548426/321913680205709312/femaleboo.png femaleboo
2017-06-07 07:31:03.530000: Zerebos in #dev_room (Zere's Place): /help
2017-06-07 07:31:15.472000: Zerebos in #dev_room (Zere's Place): /help addboi
2017-06-07 07:33:42.119000: Zerebos in #dev_room (Zere's Place): /help addboi
2017-06-07 07:38:15.248000: Zerebos in #dev_room (Zere's Place): /help addboi
2017-06-07 07:38:40.426000: Zerebos in #dev_room (Zere's Place): /help addboi
2017-06-07 07:39:24.497000: Zerebos in #dev_room (Zere's Place): /help addboi
